<acceptance-test-run title="Verify all of the Key Topics tabs from the EBSA page" name="Verify all of the Key Topics tabs from the EBSA page" steps="6" successful="5" failures="0" errors="1" skipped="0" ignored="0" pending="0" result="FAILURE" duration="47362" timestamp="2018-01-18T09:52:24.374-05:00" session-id="ed3e2beb2d8ff2280560860731e05c7f">
  <user-story id="ebsaRegression" name="Ebsa regression" path="stories/fullRegression/ebsaRegression.story"/>
  <tags>
    <tag name="Full regression" type="feature"/>
    <tag name="Full regression/Ebsa regression" type="story"/>
  </tags>
  <examples>
    <datasets>
      <dataset startRow="0" rowCount="0"/>
    </datasets>
    <headers>
      <header>keyTopicMenuItem</header>
    </headers>
    <rows>
      <row result="ERROR">
        <value>ACA</value>
      </row>
      <row result="SUCCESS">
        <value>401k</value>
      </row>
    </rows>
  </examples>
  <test-group name="[1] {keyTopicMenuItem=ACA}" result="ERROR">
    <screenshots>
      <screenshot image="ea0410815ed79a80e1c9494111b1b79d.png"/>
    </screenshots>
    <test-group name="Given the user is on the EBSA home page" result="SUCCESS">
      <screenshots>
        <screenshot image="ea0410815ed79a80e1c9494111b1b79d.png"/>
        <screenshot image="7a998085d7539fae4a61d5c261338d77.png"/>
      </screenshots>
      <test-step result="SUCCESS" duration="1354">
        <screenshots>
          <screenshot image="ea0410815ed79a80e1c9494111b1b79d.png"/>
          <screenshot image="7a4659a4578895af04232640c9fdc2b7.png"/>
        </screenshots>
        <description>On EBSA page</description>
      </test-step>
    </test-group>
    <test-group name="When the user clicks on {ACA} within the Key Topics tab on the menu bar" result="SUCCESS">
      <screenshots>
        <screenshot image="7a998085d7539fae4a61d5c261338d77.png"/>
        <screenshot image="69168ed39f3db81df5c700dd85cce294.png"/>
      </screenshots>
      <test-step result="SUCCESS" duration="3400">
        <screenshots>
          <screenshot image="7a998085d7539fae4a61d5c261338d77.png"/>
          <screenshot image="69168ed39f3db81df5c700dd85cce294.png"/>
        </screenshots>
        <description>Click nav node: ACA</description>
      </test-step>
    </test-group>
    <test-group name="Then the ｟ACA｠ page should open correctly" result="ERROR">
      <screenshots>
        <screenshot image="69168ed39f3db81df5c700dd85cce294.png"/>
      </screenshots>
      <test-step result="ERROR" duration="30934">
        <screenshots>
          <screenshot image="69168ed39f3db81df5c700dd85cce294.png"/>
          <screenshot image="69168ed39f3db81df5c700dd85cce294.png" source="pagesource6928500383796279676.html.txt"/>
        </screenshots>
        <description>Should see page: ACA</description>
        <error>org.openqa.selenium.NoSuchElementException: no such element: Unable to locate element: {&quot;method&quot;:&quot;xpath&quot;,&quot;selector&quot;:&quot;(//*[@class=&apos;page-title&apos;])&quot;}
  (Session info: chrome=63.0.3239.132)
  (Driver info: chromedriver=2.34.522932 (4140ab217e1ca1bec0c4b4d1b148f3361eb3a03e),platform=Mac OS X 10.12.6 x86_64) (WARNING: The server did not provide any stacktrace information)
Command duration or timeout: 30.06 seconds
For documentation on this error, please visit: http://seleniumhq.org/exceptions/no_such_element.html
Build info: version: &apos;2.53.0&apos;, revision: &apos;35ae25b1534ae328c771e0856c93e187490ca824&apos;, time: &apos;2016-03-15 10:43:46&apos;
System info: host: &apos;c02vj0eahtdg.users.bah.com&apos;, ip: &apos;10.201.14.135&apos;, os.name: &apos;Mac OS X&apos;, os.arch: &apos;x86_64&apos;, os.version: &apos;10.12.6&apos;, java.version: &apos;1.8.0_152&apos;
Driver info: org.openqa.selenium.chrome.ChromeDriver
Capabilities [{applicationCacheEnabled=false, rotatable=false, mobileEmulationEnabled=false, networkConnectionEnabled=false, chrome={chromedriverVersion=2.34.522932 (4140ab217e1ca1bec0c4b4d1b148f3361eb3a03e), userDataDir=/var/folders/y_/1vk31t113zd18dv5_4lx_t7m0000gn/T/.org.chromium.Chromium.GO3p92}, takesHeapSnapshot=true, pageLoadStrategy=normal, databaseEnabled=false, handlesAlerts=true, hasTouchScreen=false, version=63.0.3239.132, platform=MAC, browserConnectionEnabled=false, nativeEvents=true, acceptSslCerts=true, locationContextEnabled=true, webStorageEnabled=true, browserName=chrome, takesScreenshot=true, javascriptEnabled=true, cssSelectorsEnabled=true, setWindowRect=true, unexpectedAlertBehaviour=}]
Session ID: ed3e2beb2d8ff2280560860731e05c7f
*** Element info: {Using=xpath, value=(//*[@class=&apos;page-title&apos;])}</error>
        <exception>org.openqa.selenium.NoSuchElementException:no such element: Unable to locate element: {&quot;method&quot;:&quot;xpath&quot;,&quot;selector&quot;:&quot;(//*[@class=&apos;page-title&apos;])&quot;}
  (Session info: chrome=63.0.3239.132)
  (Driver info: chromedriver=2.34.522932 (4140ab217e1ca1bec0c4b4d1b148f3361eb3a03e),platform=Mac OS X 10.12.6 x86_64) (WARNING: The server did not provide any stacktrace information)
Command duration or timeout: 30.06 seconds
For documentation on this error, please visit: http://seleniumhq.org/exceptions/no_such_element.html
Build info: version: &apos;2.53.0&apos;, revision: &apos;35ae25b1534ae328c771e0856c93e187490ca824&apos;, time: &apos;2016-03-15 10:43:46&apos;
System info: host: &apos;c02vj0eahtdg.users.bah.com&apos;, ip: &apos;10.201.14.135&apos;, os.name: &apos;Mac OS X&apos;, os.arch: &apos;x86_64&apos;, os.version: &apos;10.12.6&apos;, java.version: &apos;1.8.0_152&apos;
Driver info: org.openqa.selenium.chrome.ChromeDriver
Capabilities [{applicationCacheEnabled=false, rotatable=false, mobileEmulationEnabled=false, networkConnectionEnabled=false, chrome={chromedriverVersion=2.34.522932 (4140ab217e1ca1bec0c4b4d1b148f3361eb3a03e), userDataDir=/var/folders/y_/1vk31t113zd18dv5_4lx_t7m0000gn/T/.org.chromium.Chromium.GO3p92}, takesHeapSnapshot=true, pageLoadStrategy=normal, databaseEnabled=false, handlesAlerts=true, hasTouchScreen=false, version=63.0.3239.132, platform=MAC, browserConnectionEnabled=false, nativeEvents=true, acceptSslCerts=true, locationContextEnabled=true, webStorageEnabled=true, browserName=chrome, takesScreenshot=true, javascriptEnabled=true, cssSelectorsEnabled=true, setWindowRect=true, unexpectedAlertBehaviour=}]
Session ID: ed3e2beb2d8ff2280560860731e05c7f
*** Element info: {Using=xpath, value=(//*[@class=&apos;page-title&apos;])}
[gov.dol.bg.test.pages.EBSAHomepage.pullPageTitle(EBSAHomepage.java:175), gov.dol.bg.test.User.shouldSeePage(User.java:521), gov.dol.bg.test.DailyRegression.then_the__keyTopic_should_open_correctly(DailyRegression.java:187)]</exception>
      </test-step>
    </test-group>
  </test-group>
  <test-group name="[2] {keyTopicMenuItem=401k}" result="SUCCESS">
    <screenshots>
      <screenshot image="69168ed39f3db81df5c700dd85cce294.png"/>
    </screenshots>
    <test-group name="Given the user is on the EBSA home page" result="SUCCESS">
      <screenshots>
        <screenshot image="69168ed39f3db81df5c700dd85cce294.png"/>
        <screenshot image="7a998085d7539fae4a61d5c261338d77.png"/>
      </screenshots>
      <test-step result="SUCCESS" duration="1368">
        <screenshots>
          <screenshot image="69168ed39f3db81df5c700dd85cce294.png"/>
          <screenshot image="f06c2c1b61c5931dd799f4bac4d7a9f5.png"/>
        </screenshots>
        <description>On EBSA page</description>
      </test-step>
    </test-group>
    <test-group name="When the user clicks on {401k} within the Key Topics tab on the menu bar" result="SUCCESS">
      <screenshots>
        <screenshot image="7a998085d7539fae4a61d5c261338d77.png"/>
        <screenshot image="3dcb70f41e59f245da9789b724e106c6.png"/>
      </screenshots>
      <test-step result="SUCCESS" duration="3506">
        <screenshots>
          <screenshot image="7a998085d7539fae4a61d5c261338d77.png"/>
          <screenshot image="3dcb70f41e59f245da9789b724e106c6.png"/>
        </screenshots>
        <description>Click nav node: 401k</description>
      </test-step>
    </test-group>
    <test-group name="Then the {401k} page should open correctly" result="SUCCESS">
      <screenshots>
        <screenshot image="3dcb70f41e59f245da9789b724e106c6.png"/>
      </screenshots>
      <test-step result="SUCCESS" duration="843">
        <screenshots>
          <screenshot image="3dcb70f41e59f245da9789b724e106c6.png"/>
        </screenshots>
        <description>Should see page: 401k</description>
      </test-step>
    </test-group>
  </test-group>
</acceptance-test-run>