<acceptance-test-run title="Verify all of the Social Media navigation links open correctly" name="Verify all of the Social Media navigation links open correctly" steps="15" successful="10" failures="0" errors="3" skipped="2" ignored="0" pending="0" annotated-result="ERROR" result="ERROR" duration="236482" timestamp="2018-01-16T13:49:28.231-05:00" session-id="73d4033eee173e03e2e4518a6de96a71">
  <user-story id="dolHomepageRegression" name="Dol homepage regression" path="stories/fullRegression/dolHomepageRegression.story"/>
  <tags>
    <tag name="Full regression" type="feature"/>
    <tag name="Full regression/Dol homepage regression" type="story"/>
  </tags>
  <examples>
    <datasets>
      <dataset startRow="0" rowCount="0"/>
    </datasets>
    <headers>
      <header>socMediaLink</header>
    </headers>
    <rows>
      <row result="SUCCESS">
        <value>Twitter</value>
      </row>
      <row result="SUCCESS">
        <value>Facebook</value>
      </row>
      <row result="ERROR">
        <value>LinkedIn</value>
      </row>
      <row result="ERROR">
        <value>YouTube</value>
      </row>
      <row result="ERROR">
        <value>Email</value>
      </row>
    </rows>
  </examples>
  <test-group name="[1] {socMediaLink=Twitter}" result="SUCCESS">
    <test-group name="Given the user is on the DOL home page" result="SUCCESS">
      <screenshots>
        <screenshot image="eb9af7e52e1f5a5f7fc238003adfa0ed.png"/>
      </screenshots>
      <test-step result="SUCCESS" duration="3867">
        <screenshots>
          <screenshot image="2f63a58ca53bd380b772da5d66ca3e69.png"/>
          <screenshot image="eb9af7e52e1f5a5f7fc238003adfa0ed.png"/>
        </screenshots>
        <description>On home page</description>
      </test-step>
    </test-group>
    <test-group name="When the user clicks on the {Twitter} link" result="SUCCESS">
      <screenshots>
        <screenshot image="eb9af7e52e1f5a5f7fc238003adfa0ed.png"/>
        <screenshot image="bf94a51d8cc3e51946223b051fcc04b0.png"/>
      </screenshots>
      <test-step result="SUCCESS" duration="32954">
        <screenshots>
          <screenshot image="eb9af7e52e1f5a5f7fc238003adfa0ed.png"/>
          <screenshot image="640a9fc92187d564a881ee92af8ec112.png"/>
        </screenshots>
        <description>Click nav node: Twitter</description>
      </test-step>
    </test-group>
    <test-group name="Then the {Twitter} page should open correctly" result="SUCCESS">
      <screenshots>
        <screenshot image="bf94a51d8cc3e51946223b051fcc04b0.png"/>
        <screenshot image="f13324af5cb074ffe4ec395f2354356b.png"/>
      </screenshots>
      <test-step result="SUCCESS" duration="2439">
        <screenshots>
          <screenshot image="bf94a51d8cc3e51946223b051fcc04b0.png"/>
          <screenshot image="f13324af5cb074ffe4ec395f2354356b.png"/>
        </screenshots>
        <description>Should see page: Twitter</description>
      </test-step>
    </test-group>
  </test-group>
  <test-group name="[2] {socMediaLink=Facebook}" result="SUCCESS">
    <screenshots>
      <screenshot image="bf94a51d8cc3e51946223b051fcc04b0.png"/>
    </screenshots>
    <test-group name="Given the user is on the DOL home page" result="SUCCESS">
      <screenshots>
        <screenshot image="bf94a51d8cc3e51946223b051fcc04b0.png"/>
        <screenshot image="696847f046d083ebe614d9966cbc6be0.png"/>
      </screenshots>
      <test-step result="SUCCESS" duration="2445">
        <screenshots>
          <screenshot image="bf94a51d8cc3e51946223b051fcc04b0.png"/>
          <screenshot image="9e5b2d8856f8f24d55b8debd45b6e2bd.png"/>
        </screenshots>
        <description>On home page</description>
      </test-step>
    </test-group>
    <test-group name="When the user clicks on the {Facebook} link" result="SUCCESS">
      <screenshots>
        <screenshot image="696847f046d083ebe614d9966cbc6be0.png"/>
        <screenshot image="15f3c472dc6e9fa827f96543445a9557.png"/>
      </screenshots>
      <test-step result="SUCCESS" duration="9122">
        <screenshots>
          <screenshot image="696847f046d083ebe614d9966cbc6be0.png"/>
          <screenshot image="15f3c472dc6e9fa827f96543445a9557.png"/>
        </screenshots>
        <description>Click nav node: Facebook</description>
      </test-step>
    </test-group>
    <test-group name="Then the {Facebook} page should open correctly" result="SUCCESS">
      <screenshots>
        <screenshot image="15f3c472dc6e9fa827f96543445a9557.png"/>
      </screenshots>
      <test-step result="SUCCESS" duration="2153">
        <screenshots>
          <screenshot image="15f3c472dc6e9fa827f96543445a9557.png"/>
        </screenshots>
        <description>Should see page: Facebook</description>
      </test-step>
    </test-group>
  </test-group>
  <test-group name="[3] {socMediaLink=LinkedIn}" result="ERROR">
    <screenshots>
      <screenshot image="15f3c472dc6e9fa827f96543445a9557.png"/>
    </screenshots>
    <test-group name="Given the user is on the DOL home page" result="SUCCESS">
      <screenshots>
        <screenshot image="15f3c472dc6e9fa827f96543445a9557.png"/>
        <screenshot image="696847f046d083ebe614d9966cbc6be0.png"/>
      </screenshots>
      <test-step result="SUCCESS" duration="2227">
        <screenshots>
          <screenshot image="15f3c472dc6e9fa827f96543445a9557.png"/>
          <screenshot image="39dc65b4254e4e065398d400f34feef6.png"/>
        </screenshots>
        <description>On home page</description>
      </test-step>
    </test-group>
    <test-group name="When the user clicks on the {LinkedIn} link" result="SUCCESS">
      <screenshots>
        <screenshot image="696847f046d083ebe614d9966cbc6be0.png"/>
        <screenshot image="38ed9f3180944b222375eeab044807c3.png"/>
      </screenshots>
      <test-step result="SUCCESS" duration="2790">
        <screenshots>
          <screenshot image="696847f046d083ebe614d9966cbc6be0.png"/>
          <screenshot image="38ed9f3180944b222375eeab044807c3.png"/>
        </screenshots>
        <description>Click nav node: LinkedIn</description>
      </test-step>
    </test-group>
    <test-group name="Then the ｟LinkedIn｠ page should open correctly" result="ERROR">
      <screenshots>
        <screenshot image="38ed9f3180944b222375eeab044807c3.png"/>
      </screenshots>
      <test-step result="ERROR" duration="30928">
        <screenshots>
          <screenshot image="38ed9f3180944b222375eeab044807c3.png"/>
          <screenshot image="7baf6c97eb7187d03b10fd0870c25ddc.png" source="pagesource2774050289733178439.html.txt"/>
        </screenshots>
        <description>Should see page: LinkedIn</description>
        <error>org.openqa.selenium.NoSuchElementException: no such element: Unable to locate element: {&quot;method&quot;:&quot;xpath&quot;,&quot;selector&quot;:&quot;(//*[@class=&apos;ProfileHeaderCard-nameLink u-textInheritColor js-nav&apos;] | //*[@id=&quot;seo_h1_tag&quot;]/a |//*[@id=&apos;stream-about-section&apos;]/div[2]/div[2]/ul/li[1]/h4 |//*[@id=&apos;channel-title&apos;] |//*[@id=&apos;quick_subscribe_new&apos;]/h1)&quot;}
  (Session info: chrome=63.0.3239.132)
  (Driver info: chromedriver=2.34.522932 (4140ab217e1ca1bec0c4b4d1b148f3361eb3a03e),platform=Mac OS X 10.12.6 x86_64) (WARNING: The server did not provide any stacktrace information)
Command duration or timeout: 30.05 seconds
For documentation on this error, please visit: http://seleniumhq.org/exceptions/no_such_element.html
Build info: version: &apos;2.53.0&apos;, revision: &apos;35ae25b1534ae328c771e0856c93e187490ca824&apos;, time: &apos;2016-03-15 10:43:46&apos;
System info: host: &apos;c02vj0eahtdg.users.bah.com&apos;, ip: &apos;10.201.14.135&apos;, os.name: &apos;Mac OS X&apos;, os.arch: &apos;x86_64&apos;, os.version: &apos;10.12.6&apos;, java.version: &apos;1.8.0_152&apos;
Driver info: org.openqa.selenium.chrome.ChromeDriver
Capabilities [{applicationCacheEnabled=false, rotatable=false, mobileEmulationEnabled=false, networkConnectionEnabled=false, chrome={chromedriverVersion=2.34.522932 (4140ab217e1ca1bec0c4b4d1b148f3361eb3a03e), userDataDir=/var/folders/y_/1vk31t113zd18dv5_4lx_t7m0000gn/T/.org.chromium.Chromium.aEjk9y}, takesHeapSnapshot=true, pageLoadStrategy=normal, databaseEnabled=false, handlesAlerts=true, hasTouchScreen=false, version=63.0.3239.132, platform=MAC, browserConnectionEnabled=false, nativeEvents=true, acceptSslCerts=true, locationContextEnabled=true, webStorageEnabled=true, browserName=chrome, takesScreenshot=true, javascriptEnabled=true, cssSelectorsEnabled=true, setWindowRect=true, unexpectedAlertBehaviour=}]
Session ID: 73d4033eee173e03e2e4518a6de96a71
*** Element info: {Using=xpath, value=(//*[@class=&apos;ProfileHeaderCard-nameLink u-textInheritColor js-nav&apos;] | //*[@id=&quot;seo_h1_tag&quot;]/a |//*[@id=&apos;stream-about-section&apos;]/div[2]/div[2]/ul/li[1]/h4 |//*[@id=&apos;channel-title&apos;] |//*[@id=&apos;quick_subscribe_new&apos;]/h1)}</error>
        <exception>org.openqa.selenium.NoSuchElementException:no such element: Unable to locate element: {&quot;method&quot;:&quot;xpath&quot;,&quot;selector&quot;:&quot;(//*[@class=&apos;ProfileHeaderCard-nameLink u-textInheritColor js-nav&apos;] | //*[@id=&quot;seo_h1_tag&quot;]/a |//*[@id=&apos;stream-about-section&apos;]/div[2]/div[2]/ul/li[1]/h4 |//*[@id=&apos;channel-title&apos;] |//*[@id=&apos;quick_subscribe_new&apos;]/h1)&quot;}
  (Session info: chrome=63.0.3239.132)
  (Driver info: chromedriver=2.34.522932 (4140ab217e1ca1bec0c4b4d1b148f3361eb3a03e),platform=Mac OS X 10.12.6 x86_64) (WARNING: The server did not provide any stacktrace information)
Command duration or timeout: 30.05 seconds
For documentation on this error, please visit: http://seleniumhq.org/exceptions/no_such_element.html
Build info: version: &apos;2.53.0&apos;, revision: &apos;35ae25b1534ae328c771e0856c93e187490ca824&apos;, time: &apos;2016-03-15 10:43:46&apos;
System info: host: &apos;c02vj0eahtdg.users.bah.com&apos;, ip: &apos;10.201.14.135&apos;, os.name: &apos;Mac OS X&apos;, os.arch: &apos;x86_64&apos;, os.version: &apos;10.12.6&apos;, java.version: &apos;1.8.0_152&apos;
Driver info: org.openqa.selenium.chrome.ChromeDriver
Capabilities [{applicationCacheEnabled=false, rotatable=false, mobileEmulationEnabled=false, networkConnectionEnabled=false, chrome={chromedriverVersion=2.34.522932 (4140ab217e1ca1bec0c4b4d1b148f3361eb3a03e), userDataDir=/var/folders/y_/1vk31t113zd18dv5_4lx_t7m0000gn/T/.org.chromium.Chromium.aEjk9y}, takesHeapSnapshot=true, pageLoadStrategy=normal, databaseEnabled=false, handlesAlerts=true, hasTouchScreen=false, version=63.0.3239.132, platform=MAC, browserConnectionEnabled=false, nativeEvents=true, acceptSslCerts=true, locationContextEnabled=true, webStorageEnabled=true, browserName=chrome, takesScreenshot=true, javascriptEnabled=true, cssSelectorsEnabled=true, setWindowRect=true, unexpectedAlertBehaviour=}]
Session ID: 73d4033eee173e03e2e4518a6de96a71
*** Element info: {Using=xpath, value=(//*[@class=&apos;ProfileHeaderCard-nameLink u-textInheritColor js-nav&apos;] | //*[@id=&quot;seo_h1_tag&quot;]/a |//*[@id=&apos;stream-about-section&apos;]/div[2]/div[2]/ul/li[1]/h4 |//*[@id=&apos;channel-title&apos;] |//*[@id=&apos;quick_subscribe_new&apos;]/h1)}
[gov.dol.bg.test.pages.DOLHomepage.verifySocialMedia(DOLHomepage.java:161), gov.dol.bg.test.User.shouldSeePage(User.java:411), gov.dol.bg.test.DailyRegression.the_socMediaLink_page_should_open_correctlyy(DailyRegression.java:85)]</exception>
      </test-step>
    </test-group>
  </test-group>
  <test-group name="[4] {socMediaLink=YouTube}" result="ERROR">
    <screenshots>
      <screenshot image="6451906e62905eae0fdb29491b5cebb7.png"/>
    </screenshots>
    <test-group name="Given the user is on the DOL home page" result="SUCCESS">
      <screenshots>
        <screenshot image="6451906e62905eae0fdb29491b5cebb7.png"/>
        <screenshot image="065b12d3982541aafcf2898deaec6c23.png"/>
      </screenshots>
      <test-step result="SUCCESS" duration="2240">
        <screenshots>
          <screenshot image="6451906e62905eae0fdb29491b5cebb7.png"/>
          <screenshot image="a37fdb04477e8de04928d7ed488a84a0.png"/>
        </screenshots>
        <description>On home page</description>
      </test-step>
    </test-group>
    <test-group name="When the user clicks on the ｟YouTube｠ link" result="ERROR">
      <screenshots>
        <screenshot image="065b12d3982541aafcf2898deaec6c23.png"/>
      </screenshots>
      <test-step result="ERROR" duration="60791">
        <screenshots>
          <screenshot image="9fffc896cf8d698300bd85f7b7488c4f.png"/>
          <screenshot image="48976b277c20210f44f391492e4cf9e0.png" source="pagesource6162127303000574727.html.txt"/>
        </screenshots>
        <description>Click nav node: YouTube</description>
        <error>org.openqa.selenium.NoSuchElementException: Timed out after 30 seconds. Element not found
For documentation on this error, please visit: http://seleniumhq.org/exceptions/no_such_element.html
Build info: version: &apos;2.53.0&apos;, revision: &apos;35ae25b1534ae328c771e0856c93e187490ca824&apos;, time: &apos;2016-03-15 10:43:46&apos;
System info: host: &apos;c02vj0eahtdg.users.bah.com&apos;, ip: &apos;10.201.14.135&apos;, os.name: &apos;Mac OS X&apos;, os.arch: &apos;x86_64&apos;, os.version: &apos;10.12.6&apos;, java.version: &apos;1.8.0_152&apos;
Driver info: driver.version: unknown</error>
        <exception>org.openqa.selenium.NoSuchElementException:Timed out after 30 seconds. Element not found
For documentation on this error, please visit: http://seleniumhq.org/exceptions/no_such_element.html
Build info: version: &apos;2.53.0&apos;, revision: &apos;35ae25b1534ae328c771e0856c93e187490ca824&apos;, time: &apos;2016-03-15 10:43:46&apos;
System info: host: &apos;c02vj0eahtdg.users.bah.com&apos;, ip: &apos;10.201.14.135&apos;, os.name: &apos;Mac OS X&apos;, os.arch: &apos;x86_64&apos;, os.version: &apos;10.12.6&apos;, java.version: &apos;1.8.0_152&apos;
Driver info: driver.version: unknown
[gov.dol.bg.test.User.clickNavNode(User.java:172), gov.dol.bg.test.DailyRegression.the_user_clicks_on_the_socMediaLink_within_the_Press_navigation_barr(DailyRegression.java:80)]</exception>
      </test-step>
    </test-group>
    <test-step result="SKIPPED" duration="1">
      <description>Then the {YouTube} page should open correctly</description>
    </test-step>
  </test-group>
  <test-group name="[5] {socMediaLink=Email}" result="ERROR">
    <screenshots>
      <screenshot image="48976b277c20210f44f391492e4cf9e0.png"/>
    </screenshots>
    <test-group name="Given the user is on the DOL home page" result="SUCCESS">
      <screenshots>
        <screenshot image="1e8ea6fd4457c932cf7d9805a3fa02d9.png"/>
        <screenshot image="065b12d3982541aafcf2898deaec6c23.png"/>
      </screenshots>
      <test-step result="SUCCESS" duration="2186">
        <screenshots>
          <screenshot image="48976b277c20210f44f391492e4cf9e0.png"/>
          <screenshot image="065b12d3982541aafcf2898deaec6c23.png"/>
        </screenshots>
        <description>On home page</description>
      </test-step>
    </test-group>
    <test-group name="When the user clicks on the ｟Email｠ link" result="ERROR">
      <screenshots>
        <screenshot image="9fffc896cf8d698300bd85f7b7488c4f.png"/>
      </screenshots>
      <test-step result="ERROR" duration="60862">
        <screenshots>
          <screenshot image="dc7190aad90ded88388a5fba1e03bd39.png"/>
          <screenshot image="1c947eecddf11985afaabf5c07f4543c.png" source="pagesource2934544012721057047.html.txt"/>
        </screenshots>
        <description>Click nav node: Email</description>
        <error>org.openqa.selenium.NoSuchElementException: Timed out after 30 seconds. Element not found
For documentation on this error, please visit: http://seleniumhq.org/exceptions/no_such_element.html
Build info: version: &apos;2.53.0&apos;, revision: &apos;35ae25b1534ae328c771e0856c93e187490ca824&apos;, time: &apos;2016-03-15 10:43:46&apos;
System info: host: &apos;c02vj0eahtdg.users.bah.com&apos;, ip: &apos;10.201.14.135&apos;, os.name: &apos;Mac OS X&apos;, os.arch: &apos;x86_64&apos;, os.version: &apos;10.12.6&apos;, java.version: &apos;1.8.0_152&apos;
Driver info: driver.version: unknown</error>
        <exception>org.openqa.selenium.NoSuchElementException:Timed out after 30 seconds. Element not found
For documentation on this error, please visit: http://seleniumhq.org/exceptions/no_such_element.html
Build info: version: &apos;2.53.0&apos;, revision: &apos;35ae25b1534ae328c771e0856c93e187490ca824&apos;, time: &apos;2016-03-15 10:43:46&apos;
System info: host: &apos;c02vj0eahtdg.users.bah.com&apos;, ip: &apos;10.201.14.135&apos;, os.name: &apos;Mac OS X&apos;, os.arch: &apos;x86_64&apos;, os.version: &apos;10.12.6&apos;, java.version: &apos;1.8.0_152&apos;
Driver info: driver.version: unknown
[gov.dol.bg.test.User.clickNavNode(User.java:178), gov.dol.bg.test.DailyRegression.the_user_clicks_on_the_socMediaLink_within_the_Press_navigation_barr(DailyRegression.java:80)]</exception>
      </test-step>
    </test-group>
    <test-step result="SKIPPED" duration="0">
      <description>Then the {Email} page should open correctly</description>
    </test-step>
  </test-group>
</acceptance-test-run>