<acceptance-test-run title="Verify all of the Resources tabs from the ILAB page" name="Verify all of the Resources tabs from the ILAB page" steps="6" successful="2" failures="0" errors="2" skipped="2" ignored="0" pending="0" annotated-result="ERROR" result="ERROR" duration="285070" timestamp="2018-01-31T11:22:34.742-05:00" session-id="888127a84e48da4648bdaf97373defd2">
  <user-story id="ilabRegression" name="Ilab regression" path="stories/fullRegression/ilabRegression.story"/>
  <tags>
    <tag name="Full regression" type="feature"/>
    <tag name="Full regression/Ilab regression" type="story"/>
  </tags>
  <examples>
    <datasets>
      <dataset startRow="0" rowCount="0"/>
    </datasets>
    <headers>
      <header>resourcesMenuItem</header>
    </headers>
    <rows>
      <row result="ERROR">
        <value>reportsAndPublications</value>
      </row>
      <row result="ERROR">
        <value>grantsAndContracts</value>
      </row>
    </rows>
  </examples>
  <test-group name="[1] {resourcesMenuItem=reportsAndPublications}" result="ERROR">
    <screenshots>
      <screenshot image="3a615839f5b59d0db63ec4d92480f4f5.png"/>
    </screenshots>
    <test-group name="Given the user is on the ILAB home page" result="SUCCESS">
      <screenshots>
        <screenshot image="3a615839f5b59d0db63ec4d92480f4f5.png"/>
        <screenshot image="be339be1b4deaca01ccfd235922c9f12.png"/>
      </screenshots>
      <test-step result="SUCCESS" duration="23430">
        <screenshots>
          <screenshot image="3a615839f5b59d0db63ec4d92480f4f5.png"/>
          <screenshot image="48eb92c0d7a9fdfb213ad3c4b5aa0eea.png"/>
        </screenshots>
        <description>On ILAB page</description>
      </test-step>
    </test-group>
    <test-group name="When the user clicks on ｟reportsAndPublications｠ within the Resources tab on the menu bar" result="ERROR">
      <screenshots>
        <screenshot image="9576f667d9fe44a8d16c451c6d471f59.png"/>
      </screenshots>
      <test-step result="ERROR" duration="85247">
        <screenshots>
          <screenshot image="3924a20b0a5ae28ed8cc60f7f87ee3c9.png"/>
          <screenshot image="f6f7b917196d2c4b126dbcaa4260726a.png" source="pagesource6484426930933613854.html.txt"/>
        </screenshots>
        <description>Click nav node: reportsAndPublications</description>
        <error>org.openqa.selenium.NoSuchElementException: Timed out after 30 seconds. Element not found
For documentation on this error, please visit: http://seleniumhq.org/exceptions/no_such_element.html
Build info: version: &apos;2.53.0&apos;, revision: &apos;35ae25b1534ae328c771e0856c93e187490ca824&apos;, time: &apos;2016-03-15 10:43:46&apos;
System info: host: &apos;c02vj0eahtdg.users.bah.com&apos;, ip: &apos;10.201.14.135&apos;, os.name: &apos;Mac OS X&apos;, os.arch: &apos;x86_64&apos;, os.version: &apos;10.12.6&apos;, java.version: &apos;1.8.0_152&apos;
Driver info: driver.version: unknown</error>
        <exception>org.openqa.selenium.NoSuchElementException:Timed out after 30 seconds. Element not found
For documentation on this error, please visit: http://seleniumhq.org/exceptions/no_such_element.html
Build info: version: &apos;2.53.0&apos;, revision: &apos;35ae25b1534ae328c771e0856c93e187490ca824&apos;, time: &apos;2016-03-15 10:43:46&apos;
System info: host: &apos;c02vj0eahtdg.users.bah.com&apos;, ip: &apos;10.201.14.135&apos;, os.name: &apos;Mac OS X&apos;, os.arch: &apos;x86_64&apos;, os.version: &apos;10.12.6&apos;, java.version: &apos;1.8.0_152&apos;
Driver info: driver.version: unknown
[gov.dol.bg.test.pages.ILABHomepage.clickSubSubNavButtons(ILABHomepage.java:129), gov.dol.bg.test.User.clickNavNode(User.java:209), gov.dol.bg.test.DailyRegression.when_I_click_on_each_link_in_the_resources_panel(DailyRegression.java:116)]</exception>
      </test-step>
    </test-group>
    <test-step result="SKIPPED" duration="7">
      <description>Then the {reportsAndPublications} page should open correctly</description>
    </test-step>
  </test-group>
  <test-group name="[2] {resourcesMenuItem=grantsAndContracts}" result="ERROR">
    <screenshots>
      <screenshot image="f6f7b917196d2c4b126dbcaa4260726a.png"/>
    </screenshots>
    <test-group name="Given the user is on the ILAB home page" result="SUCCESS">
      <screenshots>
        <screenshot image="f6f7b917196d2c4b126dbcaa4260726a.png"/>
        <screenshot image="be339be1b4deaca01ccfd235922c9f12.png"/>
      </screenshots>
      <test-step result="SUCCESS" duration="23586">
        <screenshots>
          <screenshot image="f6f7b917196d2c4b126dbcaa4260726a.png"/>
          <screenshot image="5628abea190b0f8f55016e6770bfd209.png"/>
        </screenshots>
        <description>On ILAB page</description>
      </test-step>
    </test-group>
    <test-group name="When the user clicks on ｟grantsAndContracts｠ within the Resources tab on the menu bar" result="ERROR">
      <screenshots>
        <screenshot image="8882619c1b7efef2eb4d44f9b64bbd96.png"/>
      </screenshots>
      <test-step result="ERROR" duration="84797">
        <screenshots>
          <screenshot image="1569bb6baeca6c4b206ebda9c224c0b0.png"/>
          <screenshot image="73c7d012bc88bf7016aa2278eeeb1301.png" source="pagesource1340332968955665413.html.txt"/>
        </screenshots>
        <description>Click nav node: grantsAndContracts</description>
        <error>org.openqa.selenium.NoSuchElementException: Timed out after 30 seconds. Element not found
For documentation on this error, please visit: http://seleniumhq.org/exceptions/no_such_element.html
Build info: version: &apos;2.53.0&apos;, revision: &apos;35ae25b1534ae328c771e0856c93e187490ca824&apos;, time: &apos;2016-03-15 10:43:46&apos;
System info: host: &apos;c02vj0eahtdg.users.bah.com&apos;, ip: &apos;10.201.14.135&apos;, os.name: &apos;Mac OS X&apos;, os.arch: &apos;x86_64&apos;, os.version: &apos;10.12.6&apos;, java.version: &apos;1.8.0_152&apos;
Driver info: driver.version: unknown</error>
        <exception>org.openqa.selenium.NoSuchElementException:Timed out after 30 seconds. Element not found
For documentation on this error, please visit: http://seleniumhq.org/exceptions/no_such_element.html
Build info: version: &apos;2.53.0&apos;, revision: &apos;35ae25b1534ae328c771e0856c93e187490ca824&apos;, time: &apos;2016-03-15 10:43:46&apos;
System info: host: &apos;c02vj0eahtdg.users.bah.com&apos;, ip: &apos;10.201.14.135&apos;, os.name: &apos;Mac OS X&apos;, os.arch: &apos;x86_64&apos;, os.version: &apos;10.12.6&apos;, java.version: &apos;1.8.0_152&apos;
Driver info: driver.version: unknown
[gov.dol.bg.test.pages.ILABHomepage.clickSubNavButtons(ILABHomepage.java:124), gov.dol.bg.test.User.clickNavNode(User.java:213), gov.dol.bg.test.DailyRegression.when_I_click_on_each_link_in_the_resources_panel(DailyRegression.java:116)]</exception>
      </test-step>
    </test-group>
    <test-step result="SKIPPED" duration="0">
      <description>Then the {grantsAndContracts} page should open correctly</description>
    </test-step>
  </test-group>
</acceptance-test-run>