<acceptance-test-run title="Verify all of the Footer navigation links open correctly" name="Verify all of the Footer navigation links open correctly" steps="18" successful="17" failures="0" errors="1" skipped="0" ignored="0" pending="0" result="FAILURE" duration="70237" timestamp="2017-11-27T09:56:21.315-05:00" session-id="cbbcb4045da441771f7ba3836a2b1ed6">
  <user-story id="dolHomepageRegression" name="Dol homepage regression" path="stories/fullRegression/dolHomepageRegression.story"/>
  <tags>
    <tag name="Full regression" type="feature"/>
    <tag name="Full regression/Dol homepage regression" type="story"/>
  </tags>
  <examples>
    <datasets>
      <dataset startRow="0" rowCount="0"/>
    </datasets>
    <headers>
      <header>navFooterItem</header>
    </headers>
    <rows>
      <row result="SUCCESS">
        <value>RSS</value>
      </row>
      <row result="ERROR">
        <value>Disclaimer</value>
      </row>
      <row result="SUCCESS">
        <value>NFA</value>
      </row>
      <row result="SUCCESS">
        <value>PSS</value>
      </row>
      <row result="SUCCESS">
        <value>FOIA</value>
      </row>
      <row result="SUCCESS">
        <value>TTY</value>
      </row>
    </rows>
  </examples>
  <test-group name="[1] {navFooterItem=RSS}" result="SUCCESS">
    <screenshots>
      <screenshot image="c57690f5638fcdd050f223e12b2f8e24.png"/>
    </screenshots>
    <test-group name="Given the user is on the DOL home page" result="SUCCESS">
      <screenshots>
        <screenshot image="c57690f5638fcdd050f223e12b2f8e24.png"/>
        <screenshot image="af2de80e447a668ba31215f7c2198f15.png"/>
      </screenshots>
      <test-step result="SUCCESS" duration="1733">
        <screenshots>
          <screenshot image="c57690f5638fcdd050f223e12b2f8e24.png"/>
          <screenshot image="af2de80e447a668ba31215f7c2198f15.png"/>
        </screenshots>
        <description>On home page</description>
      </test-step>
    </test-group>
    <test-group name="When the user clicks on the {RSS} within the Footer" result="SUCCESS">
      <screenshots>
        <screenshot image="af2de80e447a668ba31215f7c2198f15.png"/>
        <screenshot image="7ac95500aa35c15d2e9ae5f9c9acf650.png"/>
      </screenshots>
      <test-step result="SUCCESS" duration="1266">
        <screenshots>
          <screenshot image="af2de80e447a668ba31215f7c2198f15.png"/>
          <screenshot image="7ac95500aa35c15d2e9ae5f9c9acf650.png"/>
        </screenshots>
        <description>Click nav node: RSS</description>
      </test-step>
    </test-group>
    <test-group name="Then the {RSS} page should open correctly" result="SUCCESS">
      <screenshots>
        <screenshot image="7ac95500aa35c15d2e9ae5f9c9acf650.png"/>
      </screenshots>
      <test-step result="SUCCESS" duration="748">
        <screenshots>
          <screenshot image="7ac95500aa35c15d2e9ae5f9c9acf650.png"/>
        </screenshots>
        <description>Should see page: RSS</description>
      </test-step>
    </test-group>
  </test-group>
  <test-group name="[2] {navFooterItem=Disclaimer}" result="ERROR">
    <screenshots>
      <screenshot image="7ac95500aa35c15d2e9ae5f9c9acf650.png"/>
    </screenshots>
    <test-group name="Given the user is on the DOL home page" result="SUCCESS">
      <screenshots>
        <screenshot image="7ac95500aa35c15d2e9ae5f9c9acf650.png"/>
        <screenshot image="af2de80e447a668ba31215f7c2198f15.png"/>
      </screenshots>
      <test-step result="SUCCESS" duration="1596">
        <screenshots>
          <screenshot image="7ac95500aa35c15d2e9ae5f9c9acf650.png"/>
          <screenshot image="af2de80e447a668ba31215f7c2198f15.png"/>
        </screenshots>
        <description>On home page</description>
      </test-step>
    </test-group>
    <test-group name="When the user clicks on the {Disclaimer} within the Footer" result="SUCCESS">
      <screenshots>
        <screenshot image="af2de80e447a668ba31215f7c2198f15.png"/>
        <screenshot image="ad322beefe7b98b1045bf19fcbcfb8a5.png"/>
      </screenshots>
      <test-step result="SUCCESS" duration="1066">
        <screenshots>
          <screenshot image="af2de80e447a668ba31215f7c2198f15.png"/>
          <screenshot image="ad322beefe7b98b1045bf19fcbcfb8a5.png"/>
        </screenshots>
        <description>Click nav node: Disclaimer</description>
      </test-step>
    </test-group>
    <test-group name="Then the ｟Disclaimer｠ page should open correctly" result="ERROR">
      <screenshots>
        <screenshot image="ad322beefe7b98b1045bf19fcbcfb8a5.png"/>
      </screenshots>
      <test-step result="ERROR" duration="31180">
        <screenshots>
          <screenshot image="ad322beefe7b98b1045bf19fcbcfb8a5.png"/>
          <screenshot image="ad322beefe7b98b1045bf19fcbcfb8a5.png" source="pagesource3450423862088045882.html.txt"/>
        </screenshots>
        <description>Should see page: Disclaimer</description>
        <error>org.openqa.selenium.NoSuchElementException: no such element: Unable to locate element: {&quot;method&quot;:&quot;xpath&quot;,&quot;selector&quot;:&quot;(//*[@class=&apos;page-title&apos;] | //*[contains(@class,&apos;large&apos;)]/h2 | //*[@class=&apos;page-header&apos;] | //*[@class=&apos;blog-connect-heading&apos;] | //*[@id=&apos;content&apos;]/h2)&quot;}
  (Session info: chrome=62.0.3202.94)
  (Driver info: chromedriver=2.33.506120 (e3e53437346286c0bc2d2dc9aa4915ba81d9023f),platform=Windows NT 10.0.14393 x86_64) (WARNING: The server did not provide any stacktrace information)
Command duration or timeout: 30.05 seconds
For documentation on this error, please visit: http://seleniumhq.org/exceptions/no_such_element.html
Build info: version: &apos;2.53.0&apos;, revision: &apos;35ae25b1534ae328c771e0856c93e187490ca824&apos;, time: &apos;2016-03-15 10:43:46&apos;
System info: host: &apos;BAH5CG70147KN&apos;, ip: &apos;192.168.64.1&apos;, os.name: &apos;Windows 10&apos;, os.arch: &apos;amd64&apos;, os.version: &apos;10.0&apos;, java.version: &apos;1.8.0_144&apos;
Driver info: org.openqa.selenium.chrome.ChromeDriver
Capabilities [{applicationCacheEnabled=false, rotatable=false, mobileEmulationEnabled=false, networkConnectionEnabled=false, chrome={chromedriverVersion=2.33.506120 (e3e53437346286c0bc2d2dc9aa4915ba81d9023f), userDataDir=C:\Users\592987\AppData\Local\Temp\scoped_dir9876_26260}, takesHeapSnapshot=true, pageLoadStrategy=normal, databaseEnabled=false, handlesAlerts=true, hasTouchScreen=false, version=62.0.3202.94, platform=XP, browserConnectionEnabled=false, nativeEvents=true, acceptSslCerts=true, locationContextEnabled=true, webStorageEnabled=true, browserName=chrome, takesScreenshot=true, javascriptEnabled=true, cssSelectorsEnabled=true, setWindowRect=true, unexpectedAlertBehaviour=}]
Session ID: cbbcb4045da441771f7ba3836a2b1ed6
*** Element info: {Using=xpath, value=(//*[@class=&apos;page-title&apos;] | //*[contains(@class,&apos;large&apos;)]/h2 | //*[@class=&apos;page-header&apos;] | //*[@class=&apos;blog-connect-heading&apos;] | //*[@id=&apos;content&apos;]/h2)}</error>
        <exception>org.openqa.selenium.NoSuchElementException:no such element: Unable to locate element: {&quot;method&quot;:&quot;xpath&quot;,&quot;selector&quot;:&quot;(//*[@class=&apos;page-title&apos;] | //*[contains(@class,&apos;large&apos;)]/h2 | //*[@class=&apos;page-header&apos;] | //*[@class=&apos;blog-connect-heading&apos;] | //*[@id=&apos;content&apos;]/h2)&quot;}
  (Session info: chrome=62.0.3202.94)
  (Driver info: chromedriver=2.33.506120 (e3e53437346286c0bc2d2dc9aa4915ba81d9023f),platform=Windows NT 10.0.14393 x86_64) (WARNING: The server did not provide any stacktrace information)
Command duration or timeout: 30.05 seconds
For documentation on this error, please visit: http://seleniumhq.org/exceptions/no_such_element.html
Build info: version: &apos;2.53.0&apos;, revision: &apos;35ae25b1534ae328c771e0856c93e187490ca824&apos;, time: &apos;2016-03-15 10:43:46&apos;
System info: host: &apos;BAH5CG70147KN&apos;, ip: &apos;192.168.64.1&apos;, os.name: &apos;Windows 10&apos;, os.arch: &apos;amd64&apos;, os.version: &apos;10.0&apos;, java.version: &apos;1.8.0_144&apos;
Driver info: org.openqa.selenium.chrome.ChromeDriver
Capabilities [{applicationCacheEnabled=false, rotatable=false, mobileEmulationEnabled=false, networkConnectionEnabled=false, chrome={chromedriverVersion=2.33.506120 (e3e53437346286c0bc2d2dc9aa4915ba81d9023f), userDataDir=C:\Users\592987\AppData\Local\Temp\scoped_dir9876_26260}, takesHeapSnapshot=true, pageLoadStrategy=normal, databaseEnabled=false, handlesAlerts=true, hasTouchScreen=false, version=62.0.3202.94, platform=XP, browserConnectionEnabled=false, nativeEvents=true, acceptSslCerts=true, locationContextEnabled=true, webStorageEnabled=true, browserName=chrome, takesScreenshot=true, javascriptEnabled=true, cssSelectorsEnabled=true, setWindowRect=true, unexpectedAlertBehaviour=}]
Session ID: cbbcb4045da441771f7ba3836a2b1ed6
*** Element info: {Using=xpath, value=(//*[@class=&apos;page-title&apos;] | //*[contains(@class,&apos;large&apos;)]/h2 | //*[@class=&apos;page-header&apos;] | //*[@class=&apos;blog-connect-heading&apos;] | //*[@id=&apos;content&apos;]/h2)}&#xd;
[gov.dol.bg.test.pages.DOLHomepage.pullPageTitle(DOLHomepage.java:153), gov.dol.bg.test.User.shouldSeePage(User.java:373), gov.dol.bg.test.DailyRegression.the_navFooterItem_page_should_open_correctly(DailyRegression.java:74)]</exception>
      </test-step>
    </test-group>
  </test-group>
  <test-group name="[3] {navFooterItem=NFA}" result="SUCCESS">
    <screenshots>
      <screenshot image="ad322beefe7b98b1045bf19fcbcfb8a5.png"/>
    </screenshots>
    <test-group name="Given the user is on the DOL home page" result="SUCCESS">
      <screenshots>
        <screenshot image="ad322beefe7b98b1045bf19fcbcfb8a5.png"/>
        <screenshot image="af2de80e447a668ba31215f7c2198f15.png"/>
      </screenshots>
      <test-step result="SUCCESS" duration="1465">
        <screenshots>
          <screenshot image="ad322beefe7b98b1045bf19fcbcfb8a5.png"/>
          <screenshot image="24482f4094cb8a1a011f3d3adcaa5d48.png"/>
        </screenshots>
        <description>On home page</description>
      </test-step>
    </test-group>
    <test-group name="When the user clicks on the {NFA} within the Footer" result="SUCCESS">
      <screenshots>
        <screenshot image="af2de80e447a668ba31215f7c2198f15.png"/>
        <screenshot image="2c58b4b79a84e464593d204bf2109f78.png"/>
      </screenshots>
      <test-step result="SUCCESS" duration="4105">
        <screenshots>
          <screenshot image="af2de80e447a668ba31215f7c2198f15.png"/>
          <screenshot image="2c58b4b79a84e464593d204bf2109f78.png"/>
        </screenshots>
        <description>Click nav node: NFA</description>
      </test-step>
    </test-group>
    <test-group name="Then the {NFA} page should open correctly" result="SUCCESS">
      <screenshots>
        <screenshot image="2c58b4b79a84e464593d204bf2109f78.png"/>
      </screenshots>
      <test-step result="SUCCESS" duration="749">
        <screenshots>
          <screenshot image="2c58b4b79a84e464593d204bf2109f78.png"/>
        </screenshots>
        <description>Should see page: NFA</description>
      </test-step>
    </test-group>
  </test-group>
  <test-group name="[4] {navFooterItem=PSS}" result="SUCCESS">
    <screenshots>
      <screenshot image="2c58b4b79a84e464593d204bf2109f78.png"/>
    </screenshots>
    <test-group name="Given the user is on the DOL home page" result="SUCCESS">
      <screenshots>
        <screenshot image="2c58b4b79a84e464593d204bf2109f78.png"/>
        <screenshot image="af2de80e447a668ba31215f7c2198f15.png"/>
      </screenshots>
      <test-step result="SUCCESS" duration="1460">
        <screenshots>
          <screenshot image="2c58b4b79a84e464593d204bf2109f78.png"/>
          <screenshot image="4720ee187a26bf059052aeb3413107cb.png"/>
        </screenshots>
        <description>On home page</description>
      </test-step>
    </test-group>
    <test-group name="When the user clicks on the {PSS} within the Footer" result="SUCCESS">
      <screenshots>
        <screenshot image="af2de80e447a668ba31215f7c2198f15.png"/>
        <screenshot image="1e47cd64f54560f7658444b126107a05.png"/>
      </screenshots>
      <test-step result="SUCCESS" duration="1298">
        <screenshots>
          <screenshot image="af2de80e447a668ba31215f7c2198f15.png"/>
          <screenshot image="1e47cd64f54560f7658444b126107a05.png"/>
        </screenshots>
        <description>Click nav node: PSS</description>
      </test-step>
    </test-group>
    <test-group name="Then the {PSS} page should open correctly" result="SUCCESS">
      <screenshots>
        <screenshot image="1e47cd64f54560f7658444b126107a05.png"/>
      </screenshots>
      <test-step result="SUCCESS" duration="771">
        <screenshots>
          <screenshot image="1e47cd64f54560f7658444b126107a05.png"/>
        </screenshots>
        <description>Should see page: PSS</description>
      </test-step>
    </test-group>
  </test-group>
  <test-group name="[5] {navFooterItem=FOIA}" result="SUCCESS">
    <screenshots>
      <screenshot image="1e47cd64f54560f7658444b126107a05.png"/>
    </screenshots>
    <test-group name="Given the user is on the DOL home page" result="SUCCESS">
      <screenshots>
        <screenshot image="1e47cd64f54560f7658444b126107a05.png"/>
        <screenshot image="af2de80e447a668ba31215f7c2198f15.png"/>
      </screenshots>
      <test-step result="SUCCESS" duration="1419">
        <screenshots>
          <screenshot image="1e47cd64f54560f7658444b126107a05.png"/>
          <screenshot image="49054006e92931d44fc4f95db78315f9.png"/>
        </screenshots>
        <description>On home page</description>
      </test-step>
    </test-group>
    <test-group name="When the user clicks on the {FOIA} within the Footer" result="SUCCESS">
      <screenshots>
        <screenshot image="af2de80e447a668ba31215f7c2198f15.png"/>
        <screenshot image="1256200161fd679c92a9053231a9f36f.png"/>
      </screenshots>
      <test-step result="SUCCESS" duration="1310">
        <screenshots>
          <screenshot image="af2de80e447a668ba31215f7c2198f15.png"/>
          <screenshot image="1256200161fd679c92a9053231a9f36f.png"/>
        </screenshots>
        <description>Click nav node: FOIA</description>
      </test-step>
    </test-group>
    <test-group name="Then the {FOIA} page should open correctly" result="SUCCESS">
      <screenshots>
        <screenshot image="1256200161fd679c92a9053231a9f36f.png"/>
      </screenshots>
      <test-step result="SUCCESS" duration="756">
        <screenshots>
          <screenshot image="1256200161fd679c92a9053231a9f36f.png"/>
        </screenshots>
        <description>Should see page: FOIA</description>
      </test-step>
    </test-group>
  </test-group>
  <test-group name="[6] {navFooterItem=TTY}" result="SUCCESS">
    <screenshots>
      <screenshot image="1256200161fd679c92a9053231a9f36f.png"/>
    </screenshots>
    <test-group name="Given the user is on the DOL home page" result="SUCCESS">
      <screenshots>
        <screenshot image="1256200161fd679c92a9053231a9f36f.png"/>
        <screenshot image="af2de80e447a668ba31215f7c2198f15.png"/>
      </screenshots>
      <test-step result="SUCCESS" duration="1367">
        <screenshots>
          <screenshot image="1256200161fd679c92a9053231a9f36f.png"/>
          <screenshot image="49054006e92931d44fc4f95db78315f9.png"/>
        </screenshots>
        <description>On home page</description>
      </test-step>
    </test-group>
    <test-group name="When the user clicks on the {TTY} within the Footer" result="SUCCESS">
      <screenshots>
        <screenshot image="af2de80e447a668ba31215f7c2198f15.png"/>
        <screenshot image="8da93a8c44cab49d9fa94c5a533e50ab.png"/>
      </screenshots>
      <test-step result="SUCCESS" duration="1343">
        <screenshots>
          <screenshot image="af2de80e447a668ba31215f7c2198f15.png"/>
          <screenshot image="8da93a8c44cab49d9fa94c5a533e50ab.png"/>
        </screenshots>
        <description>Click nav node: TTY</description>
      </test-step>
    </test-group>
    <test-group name="Then the {TTY} page should open correctly" result="SUCCESS">
      <screenshots>
        <screenshot image="8da93a8c44cab49d9fa94c5a533e50ab.png"/>
      </screenshots>
      <test-step result="SUCCESS" duration="733">
        <screenshots>
          <screenshot image="8da93a8c44cab49d9fa94c5a533e50ab.png"/>
        </screenshots>
        <description>Should see page: TTY</description>
      </test-step>
    </test-group>
  </test-group>
</acceptance-test-run>