<?xml version="1.0" encoding="UTF-8"?><testsuite errors="5" failures="0" name="Dol homepage regression" skipped="0" tests="26" time="302.5" timestamp="2018-02-44 08:27:08"><testcase name="Verify all of the navbar tabs to assert that the pages open correctly"/><testcase name="Verify all of the Topics sub-navigation tabs open correctly"><error message="Timed out after 30 seconds. Element not available&#10;Build info: version: '2.53.0', revision: '35ae25b1534ae328c771e0856c93e187490ca824', time: '2016-03-15 10:43:46'&#10;System info: host: 'c02vj0eahtdg.users.bah.com', ip: '10.201.14.135', os.name: 'Mac OS X', os.arch: 'x86_64', os.version: '10.12.6', java.version: '1.8.0_152'&#10;Driver info: driver.version: unknown" type="org.openqa.selenium.ElementNotVisibleException">Timed out after 30 seconds. Element not available
Build info: version: '2.53.0', revision: '35ae25b1534ae328c771e0856c93e187490ca824', time: '2016-03-15 10:43:46'
System info: host: 'c02vj0eahtdg.users.bah.com', ip: '10.201.14.135', os.name: 'Mac OS X', os.arch: 'x86_64', os.version: '10.12.6', java.version: '1.8.0_152'
Driver info: driver.version: unknown</error><system-err>Timed out after 30 seconds. Element not available
Build info: version: '2.53.0', revision: '35ae25b1534ae328c771e0856c93e187490ca824', time: '2016-03-15 10:43:46'
System info: host: 'c02vj0eahtdg.users.bah.com', ip: '10.201.14.135', os.name: 'Mac OS X', os.arch: 'x86_64', os.version: '10.12.6', java.version: '1.8.0_152'
Driver info: driver.version: unknown
gov.dol.bg.test.pages.DOLHomepage.clickSubNavButtons(DOLHomepage.java:186)
gov.dol.bg.test.User.clickNavNode(User.java:93)
gov.dol.bg.test.DailyRegression.when_user_clicks_on_each_sublink_in_the_top_navigation_bar(DailyRegression.java:35)
</system-err></testcase><testcase name="Verify all of the Agencies sub-navigation tabs open correctly"/><testcase name="Verify all of the Press sub-navigation tabs open correctly"/><testcase name="Verify all of the Footer navigation links open correctly"/><testcase name="Verify all of the Social Media navigation links open correctly"><failure message="no such element: Unable to locate element: {&quot;method&quot;:&quot;xpath&quot;,&quot;selector&quot;:&quot;(//*[@class='ProfileHeaderCard-nameLink u-textInheritColor js-nav'] | //*[@id=&quot;seo_h1_tag&quot;]/a |//*[@id='stream-about-section']/div[2]/div[2]/ul/li[1]/h4 |//*[@id='channel-title'] |//*[@id='quick_subscribe_new']/h1)&quot;}&#10;  (Session info: chrome=64.0.3282.140)&#10;  (Driver info: chromedriver=2.34.522932 (4140ab217e1ca1bec0c4b4d1b148f3361eb3a03e),platform=Mac OS X 10.12.6 x86_64) (WARNING: The server did not provide any stacktrace information)&#10;Command duration or timeout: 30.06 seconds&#10;For documentation on this error, please visit: http://seleniumhq.org/exceptions/no_such_element.html&#10;Build info: version: '2.53.0', revision: '35ae25b1534ae328c771e0856c93e187490ca824', time: '2016-03-15 10:43:46'&#10;System info: host: 'c02vj0eahtdg.users.bah.com', ip: '10.201.14.135', os.name: 'Mac OS X', os.arch: 'x86_64', os.version: '10.12.6', java.version: '1.8.0_152'&#10;Driver info: org.openqa.selenium.chrome.ChromeDriver&#10;Capabilities [{applicationCacheEnabled=false, rotatable=false, mobileEmulationEnabled=false, networkConnectionEnabled=false, chrome={chromedriverVersion=2.34.522932 (4140ab217e1ca1bec0c4b4d1b148f3361eb3a03e), userDataDir=/var/folders/y_/1vk31t113zd18dv5_4lx_t7m0000gn/T/.org.chromium.Chromium.NkbfRO}, takesHeapSnapshot=true, pageLoadStrategy=normal, databaseEnabled=false, handlesAlerts=true, hasTouchScreen=false, version=64.0.3282.140, platform=MAC, browserConnectionEnabled=false, nativeEvents=true, acceptSslCerts=true, locationContextEnabled=true, webStorageEnabled=true, browserName=chrome, takesScreenshot=true, javascriptEnabled=true, cssSelectorsEnabled=true, setWindowRect=true, unexpectedAlertBehaviour=}]&#10;Session ID: 4ad20a5041650c5754422b3d1fc18770&#10;*** Element info: {Using=xpath, value=(//*[@class='ProfileHeaderCard-nameLink u-textInheritColor js-nav'] | //*[@id=&quot;seo_h1_tag&quot;]/a |//*[@id='stream-about-section']/div[2]/div[2]/ul/li[1]/h4 |//*[@id='channel-title'] |//*[@id='quick_subscribe_new']/h1)}" type="org.openqa.selenium.NoSuchElementException">no such element: Unable to locate element: {"method":"xpath","selector":"(//*[@class='ProfileHeaderCard-nameLink u-textInheritColor js-nav'] | //*[@id="seo_h1_tag"]/a |//*[@id='stream-about-section']/div[2]/div[2]/ul/li[1]/h4 |//*[@id='channel-title'] |//*[@id='quick_subscribe_new']/h1)"}
  (Session info: chrome=64.0.3282.140)
  (Driver info: chromedriver=2.34.522932 (4140ab217e1ca1bec0c4b4d1b148f3361eb3a03e),platform=Mac OS X 10.12.6 x86_64) (WARNING: The server did not provide any stacktrace information)
Command duration or timeout: 30.06 seconds
For documentation on this error, please visit: http://seleniumhq.org/exceptions/no_such_element.html
Build info: version: '2.53.0', revision: '35ae25b1534ae328c771e0856c93e187490ca824', time: '2016-03-15 10:43:46'
System info: host: 'c02vj0eahtdg.users.bah.com', ip: '10.201.14.135', os.name: 'Mac OS X', os.arch: 'x86_64', os.version: '10.12.6', java.version: '1.8.0_152'
Driver info: org.openqa.selenium.chrome.ChromeDriver
Capabilities [{applicationCacheEnabled=false, rotatable=false, mobileEmulationEnabled=false, networkConnectionEnabled=false, chrome={chromedriverVersion=2.34.522932 (4140ab217e1ca1bec0c4b4d1b148f3361eb3a03e), userDataDir=/var/folders/y_/1vk31t113zd18dv5_4lx_t7m0000gn/T/.org.chromium.Chromium.NkbfRO}, takesHeapSnapshot=true, pageLoadStrategy=normal, databaseEnabled=false, handlesAlerts=true, hasTouchScreen=false, version=64.0.3282.140, platform=MAC, browserConnectionEnabled=false, nativeEvents=true, acceptSslCerts=true, locationContextEnabled=true, webStorageEnabled=true, browserName=chrome, takesScreenshot=true, javascriptEnabled=true, cssSelectorsEnabled=true, setWindowRect=true, unexpectedAlertBehaviour=}]
Session ID: 4ad20a5041650c5754422b3d1fc18770
*** Element info: {Using=xpath, value=(//*[@class='ProfileHeaderCard-nameLink u-textInheritColor js-nav'] | //*[@id="seo_h1_tag"]/a |//*[@id='stream-about-section']/div[2]/div[2]/ul/li[1]/h4 |//*[@id='channel-title'] |//*[@id='quick_subscribe_new']/h1)}</failure><system-err>no such element: Unable to locate element: {"method":"xpath","selector":"(//*[@class='ProfileHeaderCard-nameLink u-textInheritColor js-nav'] | //*[@id="seo_h1_tag"]/a |//*[@id='stream-about-section']/div[2]/div[2]/ul/li[1]/h4 |//*[@id='channel-title'] |//*[@id='quick_subscribe_new']/h1)"}
  (Session info: chrome=64.0.3282.140)
  (Driver info: chromedriver=2.34.522932 (4140ab217e1ca1bec0c4b4d1b148f3361eb3a03e),platform=Mac OS X 10.12.6 x86_64) (WARNING: The server did not provide any stacktrace information)
Command duration or timeout: 30.06 seconds
For documentation on this error, please visit: http://seleniumhq.org/exceptions/no_such_element.html
Build info: version: '2.53.0', revision: '35ae25b1534ae328c771e0856c93e187490ca824', time: '2016-03-15 10:43:46'
System info: host: 'c02vj0eahtdg.users.bah.com', ip: '10.201.14.135', os.name: 'Mac OS X', os.arch: 'x86_64', os.version: '10.12.6', java.version: '1.8.0_152'
Driver info: org.openqa.selenium.chrome.ChromeDriver
Capabilities [{applicationCacheEnabled=false, rotatable=false, mobileEmulationEnabled=false, networkConnectionEnabled=false, chrome={chromedriverVersion=2.34.522932 (4140ab217e1ca1bec0c4b4d1b148f3361eb3a03e), userDataDir=/var/folders/y_/1vk31t113zd18dv5_4lx_t7m0000gn/T/.org.chromium.Chromium.NkbfRO}, takesHeapSnapshot=true, pageLoadStrategy=normal, databaseEnabled=false, handlesAlerts=true, hasTouchScreen=false, version=64.0.3282.140, platform=MAC, browserConnectionEnabled=false, nativeEvents=true, acceptSslCerts=true, locationContextEnabled=true, webStorageEnabled=true, browserName=chrome, takesScreenshot=true, javascriptEnabled=true, cssSelectorsEnabled=true, setWindowRect=true, unexpectedAlertBehaviour=}]
Session ID: 4ad20a5041650c5754422b3d1fc18770
*** Element info: {Using=xpath, value=(//*[@class='ProfileHeaderCard-nameLink u-textInheritColor js-nav'] | //*[@id="seo_h1_tag"]/a |//*[@id='stream-about-section']/div[2]/div[2]/ul/li[1]/h4 |//*[@id='channel-title'] |//*[@id='quick_subscribe_new']/h1)}
gov.dol.bg.test.pages.DOLHomepage.verifySocialMedia(DOLHomepage.java:161)
gov.dol.bg.test.User.shouldSeePage(User.java:408)
gov.dol.bg.test.DailyRegression.the_socMediaLink_page_should_open_correctlyy(DailyRegression.java:85)
</system-err></testcase></testsuite>